<?xml version="1.0" encoding="UTF-8" ?>
<testsuite errors="0" failures="0" hostname="MyAlpaca-L" name="org.apache.cassandra.audit.AuditLogFilterTest" skipped="0" tests="1" time="0.277" timestamp="2022-10-21T06:02:26">
  <properties>
    <property name="test.long.src" value="/home/alpaca/Projects/cassandra-ctest/identify_param/app/cassandra/test/long" />
    <property name="env.OLDPWD" value="/home/alpaca/Projects/cassandra-ctest/identify_param/app/cassandra" />
    <property name="jdk.attach.allowAttachSelf" value="true" />
    <property name="env.STARSHIP_SESSION_KEY" value="2996922357165503" />
    <property name="java.home" value="/usr/lib/jvm/java-11-openjdk-amd64" />
    <property name="git.success" value="0" />
    <property name="test.memory.timeout" value="480000" />
    <property name="lib.download.url.postfix" value="" />
    <property name="env.DISPLAY" value=":0" />
    <property name="env.LS_COLORS" value="rs=0:di=01;34:ln=01;36:mh=00:pi=40;33:so=01;35:do=01;35:bd=40;33;01:cd=40;33;01:or=40;31;01:mi=00:su=37;41:sg=30;43:ca=30;41:tw=30;42:ow=34;42:st=37;44:ex=01;32:*.tar=01;31:*.tgz=01;31:*.arc=01;31:*.arj=01;31:*.taz=01;31:*.lha=01;31:*.lz4=01;31:*.lzh=01;31:*.lzma=01;31:*.tlz=01;31:*.txz=01;31:*.tzo=01;31:*.t7z=01;31:*.zip=01;31:*.z=01;31:*.dz=01;31:*.gz=01;31:*.lrz=01;31:*.lz=01;31:*.lzo=01;31:*.xz=01;31:*.zst=01;31:*.tzst=01;31:*.bz2=01;31:*.bz=01;31:*.tbz=01;31:*.tbz2=01;31:*.tz=01;31:*.deb=01;31:*.rpm=01;31:*.jar=01;31:*.war=01;31:*.ear=01;31:*.sar=01;31:*.rar=01;31:*.alz=01;31:*.ace=01;31:*.zoo=01;31:*.cpio=01;31:*.7z=01;31:*.rz=01;31:*.cab=01;31:*.wim=01;31:*.swm=01;31:*.dwm=01;31:*.esd=01;31:*.jpg=01;35:*.jpeg=01;35:*.mjpg=01;35:*.mjpeg=01;35:*.gif=01;35:*.bmp=01;35:*.pbm=01;35:*.pgm=01;35:*.ppm=01;35:*.tga=01;35:*.xbm=01;35:*.xpm=01;35:*.tif=01;35:*.tiff=01;35:*.png=01;35:*.svg=01;35:*.svgz=01;35:*.mng=01;35:*.pcx=01;35:*.mov=01;35:*.mpg=01;35:*.mpeg=01;35:*.m2v=01;35:*.mkv=01;35:*.webm=01;35:*.ogm=01;35:*.mp4=01;35:*.m4v=01;35:*.mp4v=01;35:*.vob=01;35:*.qt=01;35:*.nuv=01;35:*.wmv=01;35:*.asf=01;35:*.rm=01;35:*.rmvb=01;35:*.flc=01;35:*.avi=01;35:*.fli=01;35:*.flv=01;35:*.gl=01;35:*.dl=01;35:*.xcf=01;35:*.xwd=01;35:*.yuv=01;35:*.cgm=01;35:*.emf=01;35:*.ogv=01;35:*.ogx=01;35:*.aac=00;36:*.au=00;36:*.flac=00;36:*.m4a=00;36:*.mid=00;36:*.midi=00;36:*.mka=00;36:*.mp3=00;36:*.mpc=00;36:*.ogg=00;36:*.ra=00;36:*.wav=00;36:*.oga=00;36:*.opus=00;36:*.spx=00;36:*.xspf=00;36:" />
    <property name="stress.manifest" value="/home/alpaca/Projects/cassandra-ctest/identify_param/app/cassandra/build/classes/stress/MANIFEST.MF" />
    <property name="java.awt.headless" value="true" />
    <property name="build.src.java" value="/home/alpaca/Projects/cassandra-ctest/identify_param/app/cassandra/src/java" />
    <property name="env.LOGNAME" value="alpaca" />
    <property name="debuglevel" value="source,lines,vars" />
    <property name="env.VSCODE_GIT_ASKPASS_EXTRA_ARGS" value="" />
    <property name="resolver-ant-tasks.jar.exists" value="true" />
    <property name="lib.download.base.url" value="https://raw.githubusercontent.com/apache/cassandra/1371883db3d8bf7d7c54e0baaca89c6c2d2a5abe" />
    <property name="sun.os.patch.level" value="unknown" />
    <property name="lib.download.sha" value="1371883db3d8bf7d7c54e0baaca89c6c2d2a5abe" />
    <property name="java.vendor.url" value="https://ubuntu.com/" />
    <property name="scm.url" value="https://gitbox.apache.org/repos/asf?p=cassandra.git;a=tree" />
    <property name="env.VSCODE_GIT_ASKPASS_NODE" value="/home/alpaca/.vscode-server/bin/e4503b30fc78200f846c62cf8091b76ff5547662/node" />
    <property name="fqltool.manifest" value="/home/alpaca/Projects/cassandra-ctest/identify_param/app/cassandra/build/classes/fqltool/MANIFEST.MF" />
    <property name="env.WSLENV" value="VSCODE_WSL_EXT_LOCATION/up" />
    <property name="env.TERM_PROGRAM_VERSION" value="1.70.2" />
    <property name="cassandra.test.driver.read_timeout_ms" value="12000" />
    <property name="java.version" value="11.0.16" />
    <property name="dependency-check.home" value="/home/alpaca/Projects/cassandra-ctest/identify_param/app/cassandra/build/dependency-check-ant-6.3.2" />
    <property name="cassandra.testtag" value="" />
    <property name="maven-ant-tasks.version" value="2.1.3" />
    <property name="test.data" value="/home/alpaca/Projects/cassandra-ctest/identify_param/app/cassandra/test/data" />
    <property name="env.HOSTTYPE" value="x86_64" />
    <property name="eclipse.project.name" value="cassandra" />
    <property name="tmp.dir" value="/tmp" />
    <property name="env.WSL_INTEROP" value="/run/WSL/5864_interop" />
    <property name="build.src.gen-java" value="/home/alpaca/Projects/cassandra-ctest/identify_param/app/cassandra/src/gen-java" />
    <property name="java.vendor.url.bug" value="https://bugs.launchpad.net/ubuntu/+source/openjdk-lts" />
    <property name="javadoc.dir" value="/home/alpaca/Projects/cassandra-ctest/identify_param/app/cassandra/build/javadoc" />
    <property name="java.version.date" value="2022-07-19" />
    <property name="stress.test.src" value="/home/alpaca/Projects/cassandra-ctest/identify_param/app/cassandra/tools/stress/test/unit" />
    <property name="ant.project.invoked-targets" value="testsome" />
    <property name="test.timeout" value="240000" />
    <property name="jdk.debug" value="release" />
    <property name="resolver-ant-tasks.local" value="/home/alpaca/.m2/repository/org/apache/maven/resolver/maven-resolver-ant-tasks/1.3.0/maven-resolver-ant-tasks-1.3.0.jar" />
    <property name="user.name" value="alpaca" />
    <property name="env.LANG" value="C.UTF-8" />
    <property name="sun.io.unicode.encoding" value="UnicodeLittle" />
    <property name="test.resources" value="/home/alpaca/Projects/cassandra-ctest/identify_param/app/cassandra/test/resources" />
    <property name="sun.jnu.encoding" value="UTF-8" />
    <property name="java.runtime.name" value="OpenJDK Runtime Environment" />
    <property name="test-jvmargs" value="-XX:-CMSClassUnloadingEnabled -Dio.netty.tryReflectionSetAccessible=true" />
    <property name="cassandra.memtable_row_overhead_computation_step" value="100" />
    <property name="jamm.version" value="0.3.2" />
    <property name="test.driver.read_timeout_ms" value="12000" />
    <property name="fqltool.test.src" value="/home/alpaca/Projects/cassandra-ctest/identify_param/app/cassandra/tools/fqltool/test/unit" />
    <property name="java.specification.name" value="Java Platform API Specification" />
    <property name="allocation-instrumenter.version" value="3.1.0" />
    <property name="build.src.antlr" value="/home/alpaca/Projects/cassandra-ctest/identify_param/app/cassandra/src/antlr" />
    <property name="ant.file.apache-cassandra--rat-tasks" value="/home/alpaca/Projects/cassandra-ctest/identify_param/app/cassandra/.build/build-rat.xml" />
    <property name="env.LESSOPEN" value="| /usr/bin/lesspipe %s" />
    <property name="user.timezone" value="" />
    <property name="maven-ant-tasks.local" value="/home/alpaca/.m2/repository/org/apache/maven/maven-ant-tasks" />
    <property name="test.long.timeout" value="600000" />
    <property name="path.separator" value=":" />
    <property name="test.memory.src" value="/home/alpaca/Projects/cassandra-ctest/identify_param/app/cassandra/test/memory" />
    <property name="use-jdk11" value="true" />
    <property name="fqltool.test.classes" value="/home/alpaca/Projects/cassandra-ctest/identify_param/app/cassandra/build/test/fqltool-classes" />
    <property name="_jvm_args_concat" value="-Djdk.attach.allowAttachSelf=true -XX:+UseConcMarkSweepGC -XX:+CMSParallelRemarkEnabled -XX:SurvivorRatio=8 -XX:MaxTenuringThreshold=1 -XX:CMSInitiatingOccupancyFraction=75 -XX:+UseCMSInitiatingOccupancyOnly -XX:CMSWaitDuration=10000 -XX:+CMSParallelInitialMarkEnabled -XX:+CMSEdenChunksRecordAlways --add-exports java.base/jdk.internal.misc=ALL-UNNAMED --add-exports java.base/jdk.internal.ref=ALL-UNNAMED --add-exports java.base/sun.nio.ch=ALL-UNNAMED --add-exports java.management.rmi/com.sun.jmx.remote.internal.rmi=ALL-UNNAMED --add-exports java.rmi/sun.rmi.registry=ALL-UNNAMED --add-exports java.rmi/sun.rmi.server=ALL-UNNAMED --add-exports java.sql/java.sql=ALL-UNNAMED --add-opens java.base/java.lang.module=ALL-UNNAMED --add-opens java.base/java.net=ALL-UNNAMED --add-opens java.base/jdk.internal.loader=ALL-UNNAMED --add-opens java.base/jdk.internal.ref=ALL-UNNAMED --add-opens java.base/jdk.internal.reflect=ALL-UNNAMED --add-opens java.base/jdk.internal.math=ALL-UNNAMED --add-opens java.base/jdk.internal.module=ALL-UNNAMED --add-opens java.base/jdk.internal.util.jar=ALL-UNNAMED --add-opens jdk.management/com.sun.management.internal=ALL-UNNAMED" />
    <property name="test.distributed.src" value="/home/alpaca/Projects/cassandra-ctest/identify_param/app/cassandra/test/distributed" />
    <property name="file.encoding" value="UTF-8" />
    <property name="ant.project.default-target" value="jar" />
    <property name="jacoco.version" value="0.8.6" />
    <property name="cassandra.test.sstableformatdevelopment" value="true" />
    <property name="env.GIT_ASKPASS" value="/home/alpaca/.vscode-server/bin/e4503b30fc78200f846c62cf8091b76ff5547662/extensions/git/dist/askpass.sh" />
    <property name="test.conf" value="/home/alpaca/Projects/cassandra-ctest/identify_param/app/cassandra/test/conf" />
    <property name="env.HOME" value="/home/alpaca" />
    <property name="test.classlistfile" value="testlist.txt" />
    <property name="sun.java.command" value="org.apache.tools.ant.taskdefs.optional.junit.JUnitTestRunner org.apache.cassandra.audit.AuditLogFilterTest methods=isFiltered_IncludeSetOnly skipNonTests=false filtertrace=true haltOnError=false haltOnFailure=false showoutput=false outputtoformatters=true logfailedtests=true threadid=0 logtestlistenerevents=false formatter=org.apache.cassandra.CassandraXMLJUnitResultFormatter,/home/alpaca/Projects/cassandra-ctest/identify_param/app/cassandra/build/test/output/TEST-org.apache.cassandra.audit.AuditLogFilterTest-isFiltered_IncludeSetOnly.xml formatter=org.apache.cassandra.CassandraBriefJUnitResultFormatter crashfile=/home/alpaca/Projects/cassandra-ctest/identify_param/app/cassandra/junitvmwatcher3417235650601621798.properties propsfile=/home/alpaca/Projects/cassandra-ctest/identify_param/app/cassandra/junit4174018958915535367.properties" />
    <property name="cql3current" value="true" />
    <property name="cassandra.test.flush_local_schema_changes" value="false" />
    <property name="jacoco.export.dir" value="/home/alpaca/Projects/cassandra-ctest/identify_param/app/cassandra/build/jacoco/" />
    <property name="ant.file" value="/home/alpaca/Projects/cassandra-ctest/identify_param/app/cassandra/build.xml" />
    <property name="fqltool.build.src" value="/home/alpaca/Projects/cassandra-ctest/identify_param/app/cassandra/tools/fqltool/src" />
    <property name="cassandra.skip_sync" value="true" />
    <property name="ant.file.apache-cassandra" value="/home/alpaca/Projects/cassandra-ctest/identify_param/app/cassandra/build.xml" />
    <property name="build.src" value="/home/alpaca/Projects/cassandra-ctest/identify_param/app/cassandra/src" />
    <property name="env._" value="/usr/bin/python3" />
    <property name="java.io.tmpdir" value="/tmp" />
    <property name="user.language" value="en" />
    <property name="line.separator" value="&#xa;" />
    <property name="env.STARSHIP_SHELL" value="bash" />
    <property name="ant.file.type" value="file" />
    <property name="test.methods" value="isFiltered_IncludeSetOnly" />
    <property name="artifact.github.release" value="https://github.com" />
    <property name="QT_SHRINKS" value="0" />
    <property name="cassandra.keepBriefBrief" value="false" />
    <property name="env.VSCODE_GIT_IPC_HANDLE" value="/mnt/wslg/runtime-dir/vscode-git-df5459c16e.sock" />
    <property name="java.vm.info" value="mixed mode, sharing" />
    <property name="java.vm.specification.name" value="Java Virtual Machine Specification" />
    <property name="version" value="4.0.7-SNAPSHOT" />
    <property name="chronicle-core.version" value="2.20.126" />
    <property name="stress.build.src" value="/home/alpaca/Projects/cassandra-ctest/identify_param/app/cassandra/tools/stress/src" />
    <property name="jacoco.partials.dir" value="/home/alpaca/Projects/cassandra-ctest/identify_param/app/cassandra/build/jacoco//partials" />
    <property name="env.WSL_DISTRO_NAME" value="Ubuntu" />
    <property name="env.COLORTERM" value="truecolor" />
    <property name="env.WSL2_GUI_APPS_ENABLED" value="1" />
    <property name="version.properties.dir" value="/home/alpaca/Projects/cassandra-ctest/identify_param/app/cassandra/src/resources/org/apache/cassandra/config/" />
    <property name="additionalagent" value="" />
    <property name="test.burn.timeout" value="60000000" />
    <property name="build.dir.lib" value="/home/alpaca/Projects/cassandra-ctest/identify_param/app/cassandra/build/lib" />
    <property name="bytebuddy.version" value="1.10.10" />
    <property name="ant.file.type.apache-cassandra" value="file" />
    <property name="ant.file.apache-cassandra-owasp-tasks" value="/home/alpaca/Projects/cassandra-ctest/identify_param/app/cassandra/.build/build-owasp.xml" />
    <property name="final.name" value="apache-cassandra-4.0.7-SNAPSHOT" />
    <property name="env.CASSANDRA_USE_JDK11" value="true" />
    <property name="ohc.version" value="0.5.1" />
    <property name="jacoco.partialexecfile" value="/home/alpaca/Projects/cassandra-ctest/identify_param/app/cassandra/build/jacoco//partials/partial.exec" />
    <property name="ecj.version" value="4.6.1" />
    <property name="maven-repository-id" value="apache.snapshots.https" />
    <property name="test.classlistprefix" value="unit" />
    <property name="rat.failed.files" value="Unapproved licenses:&#xa;&#xa;&#xa;*******************************&#xa;&#xa;Archives (+ indicates readable, $ unreadable): " />
    <property name="java.awt.printerjob" value="sun.print.PSPrinterJob" />
    <property name="jflex.version" value="1.8.2" />
    <property name="cassandra.tolerate_sstable_size" value="true" />
    <property name="java11-jvmargs" value="-Djdk.attach.allowAttachSelf=true -XX:+UseConcMarkSweepGC -XX:+CMSParallelRemarkEnabled -XX:SurvivorRatio=8 -XX:MaxTenuringThreshold=1 -XX:CMSInitiatingOccupancyFraction=75 -XX:+UseCMSInitiatingOccupancyOnly -XX:CMSWaitDuration=10000 -XX:+CMSParallelInitialMarkEnabled -XX:+CMSEdenChunksRecordAlways --add-exports java.base/jdk.internal.misc=ALL-UNNAMED --add-exports java.base/jdk.internal.ref=ALL-UNNAMED --add-exports java.base/sun.nio.ch=ALL-UNNAMED --add-exports java.management.rmi/com.sun.jmx.remote.internal.rmi=ALL-UNNAMED --add-exports java.rmi/sun.rmi.registry=ALL-UNNAMED --add-exports java.rmi/sun.rmi.server=ALL-UNNAMED --add-exports java.sql/java.sql=ALL-UNNAMED --add-opens java.base/java.lang.module=ALL-UNNAMED --add-opens java.base/java.net=ALL-UNNAMED --add-opens java.base/jdk.internal.loader=ALL-UNNAMED --add-opens java.base/jdk.internal.ref=ALL-UNNAMED --add-opens java.base/jdk.internal.reflect=ALL-UNNAMED --add-opens java.base/jdk.internal.math=ALL-UNNAMED --add-opens java.base/jdk.internal.module=ALL-UNNAMED --add-opens java.base/jdk.internal.util.jar=ALL-UNNAMED --add-opens jdk.management/com.sun.management.internal=ALL-UNNAMED" />
    <property name="ant.version" value="Apache Ant(TM) version 1.10.7 compiled on October 24 2019" />
    <property name="io.netty.tryReflectionSetAccessible" value="true" />
    <property name="ant.file.type.apache-cassandra--resolver-tasks" value="file" />
    <property name="dependency-check.version" value="6.3.2" />
    <property name="cassandra.test.use_prepared" value="true" />
    <property name="build.test.dir" value="/home/alpaca/Projects/cassandra-ctest/identify_param/app/cassandra/build/test" />
    <property name="jacoco.finalexecfile" value="/home/alpaca/Projects/cassandra-ctest/identify_param/app/cassandra/build/jacoco//jacoco.exec" />
    <property name="scm.connection" value="scm:https://gitbox.apache.org/repos/asf/cassandra.git" />
    <property name="interface.dir" value="/home/alpaca/Projects/cassandra-ctest/identify_param/app/cassandra/interface" />
    <property name="source.version" value="11" />
    <property name="build.src.resources" value="/home/alpaca/Projects/cassandra-ctest/identify_param/app/cassandra/src/resources" />
    <property name="os.name" value="Linux" />
    <property name="maven-repository-url" value="https://repository.apache.org/content/repositories/snapshots" />
    <property name="java.specification.vendor" value="Oracle Corporation" />
    <property name="byteman.version" value="4.0.6" />
    <property name="env.STARSHIP_CONFIG" value="/home/alpaca/.config/starship/init.toml" />
    <property name="cassandra.test.driver.connection_timeout_ms" value="5000" />
    <property name="env.TERM" value="xterm-256color" />
    <property name="java.vm.name" value="OpenJDK 64-Bit Server VM" />
    <property name="legacy-sstable-root" value="/home/alpaca/Projects/cassandra-ctest/identify_param/app/cassandra/test/data/legacy-sstables" />
    <property name="ant.file.type.apache-cassandra--rat-tasks" value="file" />
    <property name="maven-ant-tasks.url" value="https://repo.maven.apache.org/maven2/org/apache/maven/maven-ant-tasks" />
    <property name="java.library.path" value="/usr/java/packages/lib:/usr/lib/x86_64-linux-gnu/jni:/lib/x86_64-linux-gnu:/usr/lib/x86_64-linux-gnu:/usr/lib/jni:/lib:/usr/lib" />
    <property name="env.PATH" value="/home/alpaca/.vscode-server/bin/e4503b30fc78200f846c62cf8091b76ff5547662/bin/remote-cli:/home/alpaca/.local/bin:/home/alpaca/.cargo/bin:/usr/local/sbin:/usr/local/bin:/usr/sbin:/usr/bin:/sbin:/bin:/usr/games:/usr/local/games:/usr/lib/wsl/lib:/mnt/c/WINDOWS/system32:/mnt/c/WINDOWS:/mnt/c/WINDOWS/System32/Wbem:/mnt/c/WINDOWS/System32/WindowsPowerShell/v1.0/:/mnt/c/WINDOWS/System32/OpenSSH/:/mnt/c/ProgramData/chocolatey/bin:/mnt/c/Program Files/Microsoft VS Code/bin:/mnt/c/Program Files/dotnet/:/mnt/c/Program Files/Git/cmd:/mnt/c/Users/david/AppData/Local/Microsoft/WindowsApps:/mnt/c/Users/david/AppData/Local/GitHubDesktop/bin:/usr/local/go/bin:/home/alpaca/go/bin:/usr/local/nvim-linux64/bin:/usr/local/go/bin:/home/alpaca/go/bin:/usr/local/nvim-linux64/bin" />
    <property name="storage-config" value="/home/alpaca/Projects/cassandra-ctest/identify_param/app/cassandra/test/conf" />
    <property name="ant.java.version" value="11" />
    <property name="env.LESSCLOSE" value="/usr/bin/lesspipe %s %s" />
    <property name="resolver-ant-tasks.initialized" value="true" />
    <property name="basedir" value="/home/alpaca/Projects/cassandra-ctest/identify_param/app/cassandra" />
    <property name="java.class.version" value="55.0" />
    <property name="env.SHLVL" value="2" />
    <property name="ant.file.apache-cassandra--resolver-tasks" value="/home/alpaca/Projects/cassandra-ctest/identify_param/app/cassandra/.build/build-resolver.xml" />
    <property name="ant.home" value="/usr/share/ant" />
    <property name="local.repository" value="/home/alpaca/.m2/repository" />
    <property name="test.compression.algo" value="LZ4" />
    <property name="env.VSCODE_GIT_ASKPASS_MAIN" value="/home/alpaca/.vscode-server/bin/e4503b30fc78200f846c62cf8091b76ff5547662/extensions/git/dist/askpass-main.js" />
    <property name="build.lib" value="/home/alpaca/Projects/cassandra-ctest/identify_param/app/cassandra/lib" />
    <property name="maven-ant-tasks.jar.local" value="true" />
    <property name="test.microbench.src" value="/home/alpaca/Projects/cassandra-ctest/identify_param/app/cassandra/test/microbench" />
    <property name="env.PULSE_SERVER" value="/mnt/wslg/PulseServer" />
    <property name="ant.file.type.apache-cassandra-owasp-tasks" value="file" />
    <property name="jdk11-javadoc-exports" value="--add-exports java.rmi/sun.rmi.registry=ALL-UNNAMED --frames" />
    <property name="build.dir" value="/home/alpaca/Projects/cassandra-ctest/identify_param/app/cassandra/build" />
    <property name="sun.boot.library.path" value="/usr/lib/jvm/java-11-openjdk-amd64/lib" />
    <property name="is.source.artifact" value="true" />
    <property name="asm.version" value="7.1" />
    <property name="build.classes" value="/home/alpaca/Projects/cassandra-ctest/identify_param/app/cassandra/build/classes" />
    <property name="sun.management.compiler" value="HotSpot 64-Bit Tiered Compilers" />
    <property name="jdk11-javac-exports" value="--add-exports java.rmi/sun.rmi.registry=ALL-UNNAMED" />
    <property name="java.awt.graphicsenv" value="sun.awt.X11GraphicsEnvironment" />
    <property name="benchmark.name" value="" />
    <property name="chronicle-queue.version" value="5.20.123" />
    <property name="_jvm8_test_arg_items_concat" value="" />
    <property name="env.USER" value="alpaca" />
    <property name="cassandra.debugrefcount" value="true" />
    <property name="env.WAYLAND_DISPLAY" value="wayland-0" />
    <property name="fqltool.build.classes" value="/home/alpaca/Projects/cassandra-ctest/identify_param/app/cassandra/build/classes/fqltool" />
    <property name="env.TERM_PROGRAM" value="vscode" />
    <property name="chronicle-threads.version" value="2.20.111" />
    <property name="stress.build.classes" value="/home/alpaca/Projects/cassandra-ctest/identify_param/app/cassandra/build/classes/stress" />
    <property name="env.NAME" value="MyAlpaca-L" />
    <property name="ant.project.name" value="apache-cassandra" />
    <property name="java.vm.specification.version" value="11" />
    <property name="target.version" value="11" />
    <property name="java.security.egd" value="file:/dev/urandom" />
    <property name="awt.toolkit" value="sun.awt.X11.XToolkit" />
    <property name="doc.dir" value="/home/alpaca/Projects/cassandra-ctest/identify_param/app/cassandra/doc" />
    <property name="sun.cpu.isalist" value="" />
    <property name="maven-ant-tasks.jar.exists" value="true" />
    <property name="java.vm.compressedOopsMode" value="32-bit" />
    <property name="artifact.python.pypi" value="https://files.pythonhosted.org/packages" />
    <property name="env.VSCODE_IPC_HOOK_CLI" value="/mnt/wslg/runtime-dir/vscode-ipc-0ae6c836-178e-474c-b3d5-7ce1dc4d653a.sock" />
    <property name="java.version.11" value="true" />
    <property name="os.version" value="5.15.68.1-microsoft-standard-WSL2" />
    <property name="test.driver.connection_timeout_ms" value="5000" />
    <property name="user.home" value="/home/alpaca" />
    <property name="artifact.remoteRepository.apache" value="https://repo.maven.apache.org/maven2" />
    <property name="java.vm.vendor" value="Ubuntu" />
    <property name="chronicle-bytes.version" value="2.20.111" />
    <property name="_jvm11_test_arg_items_concat" value="-XX:-CMSClassUnloadingEnabled -Dio.netty.tryReflectionSetAccessible=true" />
    <property name="test.lib" value="/home/alpaca/Projects/cassandra-ctest/identify_param/app/cassandra/build/test/lib" />
    <property name="env.JAVA_HOME" value="/usr/lib/jvm/java-1.11.0-openjdk-amd64" />
    <property name="test.unit.src" value="/home/alpaca/Projects/cassandra-ctest/identify_param/app/cassandra/test/unit" />
    <property name="user.dir" value="/home/alpaca/Projects/cassandra-ctest/identify_param/app/cassandra" />
    <property name="env.PWD" value="/home/alpaca/Projects/cassandra-ctest/identify_param/app/cassandra" />
    <property name="resolver-ant-tasks.version" value="1.3.0" />
    <property name="cassandra.strict.runtime.checks" value="true" />
    <property name="cassandra.ring_delay_ms" value="1000" />
    <property name="test.dir" value="/home/alpaca/Projects/cassandra-ctest/identify_param/app/cassandra/test" />
    <property name="sun.cpu.endian" value="little" />
    <property name="resolver-ant-tasks.url" value="https://repo1.maven.org/maven2/org/apache/maven/resolver/maven-resolver-ant-tasks" />
    <property name="java.vm.version" value="11.0.16+8-post-Ubuntu-0ubuntu120.04" />
    <property name="java.class.path" value="/usr/share/ant/lib/ant-launcher.jar:/usr/share/ant/lib/ant-jmf.jar:/usr/share/ant/lib/ant-apache-bcel.jar:/usr/share/ant/lib/ant.jar:/usr/share/ant/lib/ant-commons-net.jar:/usr/share/ant/lib/ant-javamail.jar:/usr/share/ant/lib/ant-swing.jar:/usr/share/ant/lib/ant-apache-oro.jar:/usr/share/ant/lib/ant-apache-regexp.jar:/usr/share/ant/lib/ant-testutil.jar:/usr/share/ant/lib/ant-apache-xalan2.jar:/usr/share/ant/lib/ant-apache-log4j.jar:/usr/share/ant/lib/ant-antlr.jar:/usr/share/ant/lib/ant-junit.jar:/usr/share/ant/lib/ant-apache-resolver.jar:/usr/share/ant/lib/ant-xz.jar:/usr/share/ant/lib/ant-jsch.jar:/usr/share/ant/lib/ant-junit4.jar:/usr/share/ant/lib/ant-apache-bsf.jar:/usr/share/ant/lib/ant-jdepend.jar:/usr/share/ant/lib/ant-commons-logging.jar:/home/alpaca/Projects/cassandra-ctest/identify_param/app/cassandra/build/classes/stress:/home/alpaca/Projects/cassandra-ctest/identify_param/app/cassandra/build/classes/fqltool:/home/alpaca/Projects/cassandra-ctest/identify_param/app/cassandra/build/apache-cassandra-4.0.7-SNAPSHOT.jar:/home/alpaca/Projects/cassandra-ctest/identify_param/app/cassandra/build/lib/jars/HdrHistogram-2.1.9.jar:/home/alpaca/Projects/cassandra-ctest/identify_param/app/cassandra/build/lib/jars/ST4-4.0.8.jar:/home/alpaca/Projects/cassandra-ctest/identify_param/app/cassandra/build/lib/jars/airline-0.8.jar:/home/alpaca/Projects/cassandra-ctest/identify_param/app/cassandra/build/lib/jars/antlr-3.5.2.jar:/home/alpaca/Projects/cassandra-ctest/identify_param/app/cassandra/build/lib/jars/antlr-runtime-3.5.2.jar:/home/alpaca/Projects/cassandra-ctest/identify_param/app/cassandra/build/lib/jars/asm-7.1.jar:/home/alpaca/Projects/cassandra-ctest/identify_param/app/cassandra/build/lib/jars/assertj-core-3.15.0.jar:/home/alpaca/Projects/cassandra-ctest/identify_param/app/cassandra/build/lib/jars/byteman-4.0.6.jar:/home/alpaca/Projects/cassandra-ctest/identify_param/app/cassandra/build/lib/jars/byteman-bmunit-4.0.6.jar:/home/alpaca/Projects/cassandra-ctest/identify_param/app/cassandra/build/lib/jars/byteman-install-4.0.6.jar:/home/alpaca/Projects/cassandra-ctest/identify_param/app/cassandra/build/lib/jars/byteman-submit-4.0.6.jar:/home/alpaca/Projects/cassandra-ctest/identify_param/app/cassandra/build/lib/jars/caffeine-2.5.6.jar:/home/alpaca/Projects/cassandra-ctest/identify_param/app/cassandra/build/lib/jars/cassandra-driver-core-3.11.0-shaded.jar:/home/alpaca/Projects/cassandra-ctest/identify_param/app/cassandra/build/lib/jars/chronicle-bytes-2.20.111.jar:/home/alpaca/Projects/cassandra-ctest/identify_param/app/cassandra/build/lib/jars/chronicle-core-2.20.126.jar:/home/alpaca/Projects/cassandra-ctest/identify_param/app/cassandra/build/lib/jars/chronicle-queue-5.20.123.jar:/home/alpaca/Projects/cassandra-ctest/identify_param/app/cassandra/build/lib/jars/chronicle-threads-2.20.111.jar:/home/alpaca/Projects/cassandra-ctest/identify_param/app/cassandra/build/lib/jars/chronicle-wire-2.20.117.jar:/home/alpaca/Projects/cassandra-ctest/identify_param/app/cassandra/build/lib/jars/commons-beanutils-1.7.0.jar:/home/alpaca/Projects/cassandra-ctest/identify_param/app/cassandra/build/lib/jars/commons-beanutils-core-1.8.0.jar:/home/alpaca/Projects/cassandra-ctest/identify_param/app/cassandra/build/lib/jars/commons-cli-1.1.jar:/home/alpaca/Projects/cassandra-ctest/identify_param/app/cassandra/build/lib/jars/commons-codec-1.9.jar:/home/alpaca/Projects/cassandra-ctest/identify_param/app/cassandra/build/lib/jars/commons-collections-3.2.1.jar:/home/alpaca/Projects/cassandra-ctest/identify_param/app/cassandra/build/lib/jars/commons-configuration-1.6.jar:/home/alpaca/Projects/cassandra-ctest/identify_param/app/cassandra/build/lib/jars/commons-digester-1.8.jar:/home/alpaca/Projects/cassandra-ctest/identify_param/app/cassandra/build/lib/jars/commons-el-1.0.jar:/home/alpaca/Projects/cassandra-ctest/identify_param/app/cassandra/build/lib/jars/commons-httpclient-3.0.1.jar:/home/alpaca/Projects/cassandra-ctest/identify_param/app/cassandra/build/lib/jars/commons-lang-2.4.jar:/home/alpaca/Projects/cassandra-ctest/identify_param/app/cassandra/build/lib/jars/commons-lang3-3.11.jar:/home/alpaca/Projects/cassandra-ctest/identify_param/app/cassandra/build/lib/jars/commons-math-2.1.jar:/home/alpaca/Projects/cassandra-ctest/identify_param/app/cassandra/build/lib/jars/commons-math3-3.2.jar:/home/alpaca/Projects/cassandra-ctest/identify_param/app/cassandra/build/lib/jars/commons-net-1.4.1.jar:/home/alpaca/Projects/cassandra-ctest/identify_param/app/cassandra/build/lib/jars/compile-command-annotations-1.2.0.jar:/home/alpaca/Projects/cassandra-ctest/identify_param/app/cassandra/build/lib/jars/compress-lzf-0.8.4.jar:/home/alpaca/Projects/cassandra-ctest/identify_param/app/cassandra/build/lib/jars/concurrent-trees-2.4.0.jar:/home/alpaca/Projects/cassandra-ctest/identify_param/app/cassandra/build/lib/jars/ecj-4.6.1.jar:/home/alpaca/Projects/cassandra-ctest/identify_param/app/cassandra/build/lib/jars/ftplet-api-1.0.0.jar:/home/alpaca/Projects/cassandra-ctest/identify_param/app/cassandra/build/lib/jars/ftpserver-core-1.0.0.jar:/home/alpaca/Projects/cassandra-ctest/identify_param/app/cassandra/build/lib/jars/ftpserver-deprecated-1.0.0-M2.jar:/home/alpaca/Projects/cassandra-ctest/identify_param/app/cassandra/build/lib/jars/guava-27.0-jre.jar:/home/alpaca/Projects/cassandra-ctest/identify_param/app/cassandra/build/lib/jars/hadoop-core-1.0.3.jar:/home/alpaca/Projects/cassandra-ctest/identify_param/app/cassandra/build/lib/jars/hadoop-minicluster-1.0.3.jar:/home/alpaca/Projects/cassandra-ctest/identify_param/app/cassandra/build/lib/jars/hadoop-test-1.0.3.jar:/home/alpaca/Projects/cassandra-ctest/identify_param/app/cassandra/build/lib/jars/high-scale-lib-1.0.6.jar:/home/alpaca/Projects/cassandra-ctest/identify_param/app/cassandra/build/lib/jars/hppc-0.8.1.jar:/home/alpaca/Projects/cassandra-ctest/identify_param/app/cassandra/build/lib/jars/hsqldb-1.8.0.10.jar:/home/alpaca/Projects/cassandra-ctest/identify_param/app/cassandra/build/lib/jars/j2objc-annotations-1.3.jar:/home/alpaca/Projects/cassandra-ctest/identify_param/app/cassandra/build/lib/jars/jackson-annotations-2.13.2.jar:/home/alpaca/Projects/cassandra-ctest/identify_param/app/cassandra/build/lib/jars/jackson-core-2.13.2.jar:/home/alpaca/Projects/cassandra-ctest/identify_param/app/cassandra/build/lib/jars/jackson-databind-2.13.2.2.jar:/home/alpaca/Projects/cassandra-ctest/identify_param/app/cassandra/build/lib/jars/jacocoagent.jar:/home/alpaca/Projects/cassandra-ctest/identify_param/app/cassandra/build/lib/jars/jamm-0.3.2.jar:/home/alpaca/Projects/cassandra-ctest/identify_param/app/cassandra/build/lib/jars/jasper-compiler-5.5.12.jar:/home/alpaca/Projects/cassandra-ctest/identify_param/app/cassandra/build/lib/jars/jasper-runtime-5.5.12.jar:/home/alpaca/Projects/cassandra-ctest/identify_param/app/cassandra/build/lib/jars/java-cup-runtime-11b-20160615.jar:/home/alpaca/Projects/cassandra-ctest/identify_param/app/cassandra/build/lib/jars/javax.inject-1.jar:/home/alpaca/Projects/cassandra-ctest/identify_param/app/cassandra/build/lib/jars/jbcrypt-0.4.jar:/home/alpaca/Projects/cassandra-ctest/identify_param/app/cassandra/build/lib/jars/jcl-over-slf4j-1.7.25.jar:/home/alpaca/Projects/cassandra-ctest/identify_param/app/cassandra/build/lib/jars/jcommander-1.30.jar:/home/alpaca/Projects/cassandra-ctest/identify_param/app/cassandra/build/lib/jars/jctools-core-3.1.0.jar:/home/alpaca/Projects/cassandra-ctest/identify_param/app/cassandra/build/lib/jars/jersey-core-1.0.jar:/home/alpaca/Projects/cassandra-ctest/identify_param/app/cassandra/build/lib/jars/jersey-server-1.0.jar:/home/alpaca/Projects/cassandra-ctest/identify_param/app/cassandra/build/lib/jars/jets3t-0.7.1.jar:/home/alpaca/Projects/cassandra-ctest/identify_param/app/cassandra/build/lib/jars/jetty-6.1.26.jar:/home/alpaca/Projects/cassandra-ctest/identify_param/app/cassandra/build/lib/jars/jetty-util-6.1.26.jar:/home/alpaca/Projects/cassandra-ctest/identify_param/app/cassandra/build/lib/jars/jflex-1.8.2.jar:/home/alpaca/Projects/cassandra-ctest/identify_param/app/cassandra/build/lib/jars/jna-5.6.0.jar:/home/alpaca/Projects/cassandra-ctest/identify_param/app/cassandra/build/lib/jars/json-simple-1.1.jar:/home/alpaca/Projects/cassandra-ctest/identify_param/app/cassandra/build/lib/jars/jsp-2.1-6.1.14.jar:/home/alpaca/Projects/cassandra-ctest/identify_param/app/cassandra/build/lib/jars/jsp-api-2.1-6.1.14.jar:/home/alpaca/Projects/cassandra-ctest/identify_param/app/cassandra/build/lib/jars/jsr305-2.0.2.jar:/home/alpaca/Projects/cassandra-ctest/identify_param/app/cassandra/build/lib/jars/jsr311-api-1.0.jar:/home/alpaca/Projects/cassandra-ctest/identify_param/app/cassandra/build/lib/jars/jvm-attach-api-1.5.jar:/home/alpaca/Projects/cassandra-ctest/identify_param/app/cassandra/build/lib/jars/kfs-0.3.jar:/home/alpaca/Projects/cassandra-ctest/identify_param/app/cassandra/build/lib/jars/log4j-over-slf4j-1.7.25.jar:/home/alpaca/Projects/cassandra-ctest/identify_param/app/cassandra/build/lib/jars/logback-classic-1.2.9.jar:/home/alpaca/Projects/cassandra-ctest/identify_param/app/cassandra/build/lib/jars/logback-core-1.2.9.jar:/home/alpaca/Projects/cassandra-ctest/identify_param/app/cassandra/build/lib/jars/lz4-java-1.8.0.jar:/home/alpaca/Projects/cassandra-ctest/identify_param/app/cassandra/build/lib/jars/metrics-core-3.1.5.jar:/home/alpaca/Projects/cassandra-ctest/identify_param/app/cassandra/build/lib/jars/metrics-jvm-3.1.5.jar:/home/alpaca/Projects/cassandra-ctest/identify_param/app/cassandra/build/lib/jars/metrics-logback-3.1.5.jar:/home/alpaca/Projects/cassandra-ctest/identify_param/app/cassandra/build/lib/jars/mina-core-2.0.0-M5.jar:/home/alpaca/Projects/cassandra-ctest/identify_param/app/cassandra/build/lib/jars/mxdump-0.14.jar:/home/alpaca/Projects/cassandra-ctest/identify_param/app/cassandra/build/lib/jars/netty-all-4.1.58.Final.jar:/home/alpaca/Projects/cassandra-ctest/identify_param/app/cassandra/build/lib/jars/netty-tcnative-boringssl-static-2.0.36.Final.jar:/home/alpaca/Projects/cassandra-ctest/identify_param/app/cassandra/build/lib/jars/ohc-core-0.5.1.jar:/home/alpaca/Projects/cassandra-ctest/identify_param/app/cassandra/build/lib/jars/ohc-core-j8-0.5.1.jar:/home/alpaca/Projects/cassandra-ctest/identify_param/app/cassandra/build/lib/jars/oro-2.0.8.jar:/home/alpaca/Projects/cassandra-ctest/identify_param/app/cassandra/build/lib/jars/psjava-0.1.19.jar:/home/alpaca/Projects/cassandra-ctest/identify_param/app/cassandra/build/lib/jars/reporter-config-base-3.0.3.jar:/home/alpaca/Projects/cassandra-ctest/identify_param/app/cassandra/build/lib/jars/reporter-config3-3.0.3.jar:/home/alpaca/Projects/cassandra-ctest/identify_param/app/cassandra/build/lib/jars/servlet-api-2.5-6.1.14.jar:/home/alpaca/Projects/cassandra-ctest/identify_param/app/cassandra/build/lib/jars/sigar-1.6.4.jar:/home/alpaca/Projects/cassandra-ctest/identify_param/app/cassandra/build/lib/jars/sjk-cli-0.14.jar:/home/alpaca/Projects/cassandra-ctest/identify_param/app/cassandra/build/lib/jars/sjk-core-0.14.jar:/home/alpaca/Projects/cassandra-ctest/identify_param/app/cassandra/build/lib/jars/sjk-json-0.14.jar:/home/alpaca/Projects/cassandra-ctest/identify_param/app/cassandra/build/lib/jars/sjk-stacktrace-0.14.jar:/home/alpaca/Projects/cassandra-ctest/identify_param/app/cassandra/build/lib/jars/slf4j-api-1.7.25.jar:/home/alpaca/Projects/cassandra-ctest/identify_param/app/cassandra/build/lib/jars/snakeyaml-1.26.jar:/home/alpaca/Projects/cassandra-ctest/identify_param/app/cassandra/build/lib/jars/snappy-java-1.1.2.6.jar:/home/alpaca/Projects/cassandra-ctest/identify_param/app/cassandra/build/lib/jars/snowball-stemmer-1.3.0.581.1.jar:/home/alpaca/Projects/cassandra-ctest/identify_param/app/cassandra/build/lib/jars/stream-2.5.2.jar:/home/alpaca/Projects/cassandra-ctest/identify_param/app/cassandra/build/lib/jars/xmlenc-0.52.jar:/home/alpaca/Projects/cassandra-ctest/identify_param/app/cassandra/build/lib/jars/zstd-jni-1.5.0-4.jar:/home/alpaca/Projects/cassandra-ctest/identify_param/app/cassandra/build/test/lib/jars/asm-6.0.jar:/home/alpaca/Projects/cassandra-ctest/identify_param/app/cassandra/build/test/lib/jars/asm-analysis-6.0.jar:/home/alpaca/Projects/cassandra-ctest/identify_param/app/cassandra/build/test/lib/jars/asm-commons-6.0.jar:/home/alpaca/Projects/cassandra-ctest/identify_param/app/cassandra/build/test/lib/jars/asm-tree-6.0.jar:/home/alpaca/Projects/cassandra-ctest/identify_param/app/cassandra/build/test/lib/jars/asm-util-6.0.jar:/home/alpaca/Projects/cassandra-ctest/identify_param/app/cassandra/build/test/lib/jars/asm-xml-6.0.jar:/home/alpaca/Projects/cassandra-ctest/identify_param/app/cassandra/build/test/lib/jars/awaitility-4.0.3.jar:/home/alpaca/Projects/cassandra-ctest/identify_param/app/cassandra/build/test/lib/jars/byte-buddy-1.10.5.jar:/home/alpaca/Projects/cassandra-ctest/identify_param/app/cassandra/build/test/lib/jars/byte-buddy-agent-1.10.5.jar:/home/alpaca/Projects/cassandra-ctest/identify_param/app/cassandra/build/test/lib/jars/commons-io-2.6.jar:/home/alpaca/Projects/cassandra-ctest/identify_param/app/cassandra/build/test/lib/jars/commons-math3-3.2.jar:/home/alpaca/Projects/cassandra-ctest/identify_param/app/cassandra/build/test/lib/jars/dtest-api-0.0.13.jar:/home/alpaca/Projects/cassandra-ctest/identify_param/app/cassandra/build/test/lib/jars/hamcrest-2.2.jar:/home/alpaca/Projects/cassandra-ctest/identify_param/app/cassandra/build/test/lib/jars/java-allocation-instrumenter-3.1.0.jar:/home/alpaca/Projects/cassandra-ctest/identify_param/app/cassandra/build/test/lib/jars/javassist-3.26.0-GA.jar:/home/alpaca/Projects/cassandra-ctest/identify_param/app/cassandra/build/test/lib/jars/jmh-core-1.21.jar:/home/alpaca/Projects/cassandra-ctest/identify_param/app/cassandra/build/test/lib/jars/jmh-generator-annprocess-1.21.jar:/home/alpaca/Projects/cassandra-ctest/identify_param/app/cassandra/build/test/lib/jars/jopt-simple-4.6.jar:/home/alpaca/Projects/cassandra-ctest/identify_param/app/cassandra/build/test/lib/jars/junit-4.12.jar:/home/alpaca/Projects/cassandra-ctest/identify_param/app/cassandra/build/test/lib/jars/mockito-core-3.2.4.jar:/home/alpaca/Projects/cassandra-ctest/identify_param/app/cassandra/build/test/lib/jars/objenesis-2.6.jar:/home/alpaca/Projects/cassandra-ctest/identify_param/app/cassandra/build/test/lib/jars/org.jacoco.agent-0.8.6.jar:/home/alpaca/Projects/cassandra-ctest/identify_param/app/cassandra/build/test/lib/jars/org.jacoco.ant-0.8.6.jar:/home/alpaca/Projects/cassandra-ctest/identify_param/app/cassandra/build/test/lib/jars/org.jacoco.core-0.8.6.jar:/home/alpaca/Projects/cassandra-ctest/identify_param/app/cassandra/build/test/lib/jars/org.jacoco.report-0.8.6.jar:/home/alpaca/Projects/cassandra-ctest/identify_param/app/cassandra/build/test/lib/jars/quicktheories-0.26.jar:/home/alpaca/Projects/cassandra-ctest/identify_param/app/cassandra/build/test/lib/jars/reflections-0.9.12.jar:/home/alpaca/Projects/cassandra-ctest/identify_param/app/cassandra/build/test/lib/jars/semver4j-3.1.0.jar:/home/alpaca/Projects/cassandra-ctest/identify_param/app/cassandra/build/test/lib/jars/slf4j-api-1.7.25.jar:/home/alpaca/Projects/cassandra-ctest/identify_param/app/cassandra/build/test/classes:/home/alpaca/Projects/cassandra-ctest/identify_param/app/cassandra/build/test/stress-classes:/home/alpaca/Projects/cassandra-ctest/identify_param/app/cassandra/build/test/fqltool-classes:/home/alpaca/Projects/cassandra-ctest/identify_param/app/cassandra/test/conf:/usr/share/java/ant-launcher-1.10.7.jar" />
    <property name="ant.library.dir" value="/usr/share/ant/lib" />
    <property name="os.arch" value="amd64" />
    <property name="test.name" value="org.apache.cassandra.audit.AuditLogFilterTest" />
    <property name="dist.dir" value="/home/alpaca/Projects/cassandra-ctest/identify_param/app/cassandra/build/dist" />
    <property name="test.burn.src" value="/home/alpaca/Projects/cassandra-ctest/identify_param/app/cassandra/test/burn" />
    <property name="sun.java.launcher" value="SUN_STANDARD" />
    <property name="chronicle-wire.version" value="2.20.117" />
    <property name="ant.core.lib" value="/usr/share/ant/lib/ant.jar" />
    <property name="java.vm.specification.vendor" value="Oracle Corporation" />
    <property name="build.classes.main" value="/home/alpaca/Projects/cassandra-ctest/identify_param/app/cassandra/build/classes/main" />
    <property name="file.separator" value="/" />
    <property name="test.distributed.timeout" value="900000" />
    <property name="java.runtime.version" value="11.0.16+8-post-Ubuntu-0ubuntu120.04" />
    <property name="env.XDG_RUNTIME_DIR" value="/mnt/wslg/runtime-dir" />
    <property name="maven.version" value="3.0.3" />
    <property name="invalid-legacy-sstable-root" value="/home/alpaca/Projects/cassandra-ctest/identify_param/app/cassandra/test/data/invalid-legacy-sstables" />
    <property name="stress.test.classes" value="/home/alpaca/Projects/cassandra-ctest/identify_param/app/cassandra/build/test/stress-classes" />
    <property name="env.SHELL" value="/bin/bash" />
    <property name="artifact.remoteRepository.central" value="https://repo1.maven.org/maven2" />
    <property name="scm.developerConnection" value="scm:https://gitbox.apache.org/repos/asf/cassandra.git" />
    <property name="java.vendor" value="Ubuntu" />
    <property name="base.version" value="4.0.7" />
    <property name="java.specification.version" value="11" />
    <property name="test.classes" value="/home/alpaca/Projects/cassandra-ctest/identify_param/app/cassandra/build/test/classes" />
    <property name="sun.arch.data.model" value="64" />
  </properties>
  <testcase classname="org.apache.cassandra.audit.AuditLogFilterTest" name="isFiltered_IncludeSetOnly" time="0.151" />
  <system-out><![CDATA[]]></system-out>
  <system-err><![CDATA[]]></system-err>
</testsuite>
